In file included from [01m[K/home/rml/anaconda3/include/boost/smart_ptr/detail/requires_cxx11.hpp:9[m[K,
                 from [01m[K/home/rml/anaconda3/include/boost/smart_ptr/shared_ptr.hpp:17[m[K,
                 from [01m[K/home/rml/anaconda3/include/boost/shared_ptr.hpp:17[m[K,
                 from [01m[K/opt/ros/noetic/include/ros/forwards.h:37[m[K,
                 from [01m[K/opt/ros/noetic/include/ros/common.h:37[m[K,
                 from [01m[K/opt/ros/noetic/include/ros/ros.h:43[m[K,
                 from [01m[K/home/rml/quadruped_slam/src/gtsam_bag/src/gtsam_node.cpp:1[m[K:
[01m[K/home/rml/anaconda3/include/boost/bind.hpp:36:1:[m[K [01;36m[Knote: [m[Kâ€˜[01m[K#pragma message: The practice of declaring the Bind placeholders (_1, _2, ...) in the global namespace is deprecated. Please use <boost/bind/bind.hpp> + using namespace boost::placeholders, or define BOOST_BIND_GLOBAL_PLACEHOLDERS to retain the current behavior.[m[Kâ€™
   36 | [01;36m[KBOOST_PRAGMA_MESSAGE[m[K(
      | [01;36m[K^~~~~~~~~~~~~~~~~~~~[m[K
[01m[K/home/rml/quadruped_slam/src/gtsam_bag/src/gtsam_node.cpp:66:9:[m[K [01;31m[Kerror: [m[Kâ€˜[01m[Kparams[m[Kâ€™ does not name a type
   66 |         [01;31m[Kparams[m[K.relinearizeThreshold = 0.01; // Adjust as needed
      |         [01;31m[K^~~~~~[m[K
[01m[K/home/rml/quadruped_slam/src/gtsam_bag/src/gtsam_node.cpp:67:9:[m[K [01;31m[Kerror: [m[Kâ€˜[01m[Kparams[m[Kâ€™ does not name a type
   67 |         [01;31m[Kparams[m[K.relinearizeSkip = 1; // Relinearize every step
      |         [01;31m[K^~~~~~[m[K
[01m[K/home/rml/quadruped_slam/src/gtsam_bag/src/gtsam_node.cpp:[m[K In constructor â€˜[01m[KFactorGraphNode::FactorGraphNode()[m[Kâ€™:
[01m[K/home/rml/quadruped_slam/src/gtsam_bag/src/gtsam_node.cpp:33:81:[m[K [01;31m[Kerror: [m[Kclass â€˜[01m[KFactorGraphNode[m[Kâ€™ does not have any field named â€˜[01m[Kisam[m[Kâ€™
   33 |         : correction_count_(0), output_time_(0.0), dt_(0.01), window_size_(10), [01;31m[Kisam[m[K(initializeISAM2Params()){
      |                                                                                 [01;31m[K^~~~[m[K
make[2]: *** [CMakeFiles/gtsam_node.dir/build.make:63: CMakeFiles/gtsam_node.dir/src/gtsam_node.cpp.o] Error 1
make[1]: *** [CMakeFiles/Makefile2:185: CMakeFiles/gtsam_node.dir/all] Error 2
make: *** [Makefile:141: all] Error 2
