In file included from [01m[K/home/rml/anaconda3/include/boost/smart_ptr/detail/requires_cxx11.hpp:9[m[K,
                 from [01m[K/home/rml/anaconda3/include/boost/smart_ptr/shared_ptr.hpp:17[m[K,
                 from [01m[K/home/rml/anaconda3/include/boost/shared_ptr.hpp:17[m[K,
                 from [01m[K/opt/ros/noetic/include/ros/forwards.h:37[m[K,
                 from [01m[K/opt/ros/noetic/include/ros/common.h:37[m[K,
                 from [01m[K/opt/ros/noetic/include/ros/ros.h:43[m[K,
                 from [01m[K/home/rml/quadruped_slam/src/gtsam_bag/src/gtsam_node.cpp:1[m[K:
[01m[K/home/rml/anaconda3/include/boost/bind.hpp:36:1:[m[K [01;36m[Knote: [m[Kâ€˜[01m[K#pragma message: The practice of declaring the Bind placeholders (_1, _2, ...) in the global namespace is deprecated. Please use <boost/bind/bind.hpp> + using namespace boost::placeholders, or define BOOST_BIND_GLOBAL_PLACEHOLDERS to retain the current behavior.[m[Kâ€™
   36 | [01;36m[KBOOST_PRAGMA_MESSAGE[m[K(
      | [01;36m[K^~~~~~~~~~~~~~~~~~~~[m[K
[01m[K/home/rml/quadruped_slam/src/gtsam_bag/src/gtsam_node.cpp:[m[K In member function â€˜[01m[Kvoid FactorGraphNode::imuCallback(const ConstPtr&)[m[Kâ€™:
[01m[K/home/rml/quadruped_slam/src/gtsam_bag/src/gtsam_node.cpp:149:13:[m[K [01;31m[Kerror: [m[Kâ€˜[01m[Kinitial_values[m[Kâ€™ was not declared in this scope; did you mean â€˜[01m[Kinitial_values_[m[Kâ€™?
  149 |             [01;31m[Kinitial_values[m[K.insert(X(correction_count), prop_state.pose());
      |             [01;31m[K^~~~~~~~~~~~~~[m[K
      |             [32m[Kinitial_values_[m[K
[01m[K/home/rml/quadruped_slam/src/gtsam_bag/src/gtsam_node.cpp:149:37:[m[K [01;31m[Kerror: [m[Kâ€˜[01m[Kcorrection_count[m[Kâ€™ was not declared in this scope; did you mean â€˜[01m[Kcorrection_count_[m[Kâ€™?
  149 |             initial_values.insert(X([01;31m[Kcorrection_count[m[K), prop_state.pose());
      |                                     [01;31m[K^~~~~~~~~~~~~~~~[m[K
      |                                     [32m[Kcorrection_count_[m[K
[01m[K/home/rml/quadruped_slam/src/gtsam_bag/src/gtsam_node.cpp:149:56:[m[K [01;31m[Kerror: [m[Kâ€˜[01m[Kprop_state[m[Kâ€™ was not declared in this scope; did you mean â€˜[01m[Kprop_state_[m[Kâ€™?
  149 |             initial_values.insert(X(correction_count), [01;31m[Kprop_state[m[K.pose());
      |                                                        [01;31m[K^~~~~~~~~~[m[K
      |                                                        [32m[Kprop_state_[m[K
[01m[K/home/rml/quadruped_slam/src/gtsam_bag/src/gtsam_node.cpp:151:56:[m[K [01;31m[Kerror: [m[Kâ€˜[01m[Kprev_bias[m[Kâ€™ was not declared in this scope; did you mean â€˜[01m[Kprev_bias_[m[Kâ€™?
  151 |             initial_values.insert(B(correction_count), [01;31m[Kprev_bias[m[K);
      |                                                        [01;31m[K^~~~~~~~~[m[K
      |                                                        [32m[Kprev_bias_[m[K
[01m[K/home/rml/quadruped_slam/src/gtsam_bag/src/gtsam_node.cpp:[m[K In member function â€˜[01m[Kvoid FactorGraphNode::addIMUFactor()[m[Kâ€™:
[01m[K/home/rml/quadruped_slam/src/gtsam_bag/src/gtsam_node.cpp:202:13:[m[K [01;31m[Kerror: [m[Kâ€˜[01m[Kgraph[m[Kâ€™ was not declared in this scope; did you mean â€˜[01m[Kgraph_[m[Kâ€™?
  202 |             [01;31m[Kgraph[m[K->add(BetweenFactor<imuBias::ConstantBias>( B(correction_count - 1),
      |             [01;31m[K^~~~~[m[K
      |             [32m[Kgraph_[m[K
[01m[K/home/rml/quadruped_slam/src/gtsam_bag/src/gtsam_node.cpp:202:64:[m[K [01;31m[Kerror: [m[Kâ€˜[01m[Kcorrection_count[m[Kâ€™ was not declared in this scope; did you mean â€˜[01m[Kcorrection_count_[m[Kâ€™?
  202 |             graph->add(BetweenFactor<imuBias::ConstantBias>( B([01;31m[Kcorrection_count[m[K - 1),
      |                                                                [01;31m[K^~~~~~~~~~~~~~~~[m[K
      |                                                                [32m[Kcorrection_count_[m[K
[01m[K/home/rml/quadruped_slam/src/gtsam_bag/src/gtsam_node.cpp:203:45:[m[K [01;31m[Kerror: [m[Kâ€˜[01m[Kbias_noise_model[m[Kâ€™ was not declared in this scope
  203 |             B(correction_count), zero_bias, [01;31m[Kbias_noise_model[m[K));
      |                                             [01;31m[K^~~~~~~~~~~~~~~~[m[K
make[2]: *** [CMakeFiles/gtsam_node.dir/build.make:63: CMakeFiles/gtsam_node.dir/src/gtsam_node.cpp.o] Error 1
make[1]: *** [CMakeFiles/Makefile2:185: CMakeFiles/gtsam_node.dir/all] Error 2
make: *** [Makefile:141: all] Error 2
